TN:
SF:/Users/jitendra/Documents/MasteringSolidiy/Mastering-Solidity/Chapter06/contracts/DepositContract.sol
FN:23,fallback
FN:30,depositEther
FN:41,withdraw
FN:52,withdrawAll
FNF:4
FNH:3
FNDA:2,fallback
FNDA:14,depositEther
FNDA:7,withdraw
FNDA:0,withdrawAll
DA:24,2
DA:31,14
DA:32,11
DA:33,11
DA:34,11
DA:42,7
DA:43,5
DA:44,5
DA:45,5
DA:46,5
DA:53,0
LF:11
LH:10
BRDA:31,1,0,11
BRDA:31,1,1,3
BRDA:42,2,0,5
BRDA:42,2,1,2
BRF:4
BRH:4
end_of_record
TN:
SF:/Users/jitendra/Documents/MasteringSolidiy/Mastering-Solidity/Chapter06/contracts/ExampleContract.sol
FN:12,fallback
FN:23,deposit
FN:28,withdraw
FN:38,test
FNF:4
FNH:0
FNDA:0,fallback
FNDA:0,deposit
FNDA:0,withdraw
FNDA:0,test
DA:14,0
DA:17,0
DA:19,0
DA:20,0
DA:24,0
DA:25,0
DA:29,0
DA:30,0
DA:31,0
DA:33,0
DA:34,0
DA:39,0
DA:40,0
LF:13
LH:0
BRDA:14,1,0,0
BRDA:14,1,1,0
BRDA:30,2,0,0
BRDA:30,2,1,0
BRDA:34,3,0,0
BRDA:34,3,1,0
BRF:6
BRH:0
end_of_record
